[    0.000000] Linux version 4.15.0-200-generic (buildd@lcy02-amd64-069) (gcc version 7.5.0 (Ubuntu 7.5.0-3ubuntu1~18.04)) #211-Ubuntu SMP Thu Nov 24 18:16:04 UTC 2022 (Ubuntu 4.15.0-200.211-generic 4.15.18)
[    0.000000] Command line: BOOT_IMAGE=/boot/vmlinuz-4.15.0-200-generic root=LABEL=cloudimg-rootfs ro console=tty1 console=ttyS0
[    0.000000] KERNEL supported cpus:
[    0.000000]   Intel GenuineIntel
[    0.000000]   AMD AuthenticAMD
[    0.000000]   Centaur CentaurHauls
[    0.000000] x86/fpu: x87 FPU will use FXSAVE
[    0.000000] e820: BIOS-provided physical RAM map:
[    0.000000] BIOS-e820: [mem 0x0000000000000000-0x000000000009fbff] usable
[    0.000000] BIOS-e820: [mem 0x000000000009fc00-0x000000000009ffff] reserved
[    0.000000] BIOS-e820: [mem 0x00000000000f0000-0x00000000000fffff] reserved
[    0.000000] BIOS-e820: [mem 0x0000000000100000-0x000000007ffeffff] usable
[    0.000000] BIOS-e820: [mem 0x000000007fff0000-0x000000007fffffff] ACPI data
[    0.000000] BIOS-e820: [mem 0x00000000fec00000-0x00000000fec00fff] reserved
[    0.000000] BIOS-e820: [mem 0x00000000fee00000-0x00000000fee00fff] reserved
[    0.000000] BIOS-e820: [mem 0x00000000fffc0000-0x00000000ffffffff] reserved
[    0.000000] NX (Execute Disable) protection: active
[    0.000000] SMBIOS 2.5 present.
[    0.000000] DMI: innotek GmbH VirtualBox/VirtualBox, BIOS VirtualBox 12/01/2006
[    0.000000] Hypervisor detected: KVM
[    0.000000] e820: last_pfn = 0x7fff0 max_arch_pfn = 0x400000000
[    0.000000] MTRR: Disabled
[    0.000000] x86/PAT: MTRRs disabled, skipping PAT initialization too.
[    0.000000] CPU MTRRs all blank - virtualized system.
[    0.000000] x86/PAT: Configuration [0-7]: WB  WT  UC- UC  WB  WT  UC- UC  
[    0.000000] found SMP MP-table at [mem 0x0009fff0-0x0009ffff]
[    0.000000] Scanning 1 areas for low memory corruption
[    0.000000] RAMDISK: [mem 0x359c9000-0x36cdbfff]
[    0.000000] ACPI: Early table checksum verification disabled
[    0.000000] ACPI: RSDP 0x00000000000E0000 000024 (v02 VBOX  )
[    0.000000] ACPI: XSDT 0x000000007FFF0030 00003C (v01 VBOX   VBOXXSDT 00000001 ASL  00000061)
[    0.000000] ACPI: FACP 0x000000007FFF00F0 0000F4 (v04 VBOX   VBOXFACP 00000001 ASL  00000061)
[    0.000000] ACPI: DSDT 0x000000007FFF0610 002353 (v02 VBOX   VBOXBIOS 00000002 INTL 20100528)
[    0.000000] ACPI: FACS 0x000000007FFF0200 000040
[    0.000000] ACPI: FACS 0x000000007FFF0200 000040
[    0.000000] ACPI: APIC 0x000000007FFF0240 00005C (v02 VBOX   VBOXAPIC 00000001 ASL  00000061)
[    0.000000] ACPI: SSDT 0x000000007FFF02A0 00036C (v01 VBOX   VBOXCPUT 00000002 INTL 20100528)
[    0.000000] ACPI: Reserving FACP table memory at [mem 0x7fff00f0-0x7fff01e3]
[    0.000000] ACPI: Reserving DSDT table memory at [mem 0x7fff0610-0x7fff2962]
[    0.000000] ACPI: Reserving FACS table memory at [mem 0x7fff0200-0x7fff023f]
[    0.000000] ACPI: Reserving FACS table memory at [mem 0x7fff0200-0x7fff023f]
[    0.000000] ACPI: Reserving APIC table memory at [mem 0x7fff0240-0x7fff029b]
[    0.000000] ACPI: Reserving SSDT table memory at [mem 0x7fff02a0-0x7fff060b]
[    0.000000] No NUMA configuration found
[    0.000000] Faking a node at [mem 0x0000000000000000-0x000000007ffeffff]
[    0.000000] NODE_DATA(0) allocated [mem 0x7ffc5000-0x7ffeffff]
[    0.000000] kvm-clock: cpu 0, msr 0:7ff44001, primary cpu clock
[    0.000000] kvm-clock: Using msrs 4b564d01 and 4b564d00
[    0.000000] kvm-clock: using sched offset of 3094659562 cycles
[    0.000000] clocksource: kvm-clock: mask: 0xffffffffffffffff max_cycles: 0x1cd42e4dffb, max_idle_ns: 881590591483 ns
[    0.000000] Zone ranges:
[    0.000000]   DMA      [mem 0x0000000000001000-0x0000000000ffffff]
[    0.000000]   DMA32    [mem 0x0000000001000000-0x000000007ffeffff]
[    0.000000]   Normal   empty
[    0.000000]   Device   empty
[    0.000000] Movable zone start for each node
[    0.000000] Early memory node ranges
[    0.000000]   node   0: [mem 0x0000000000001000-0x000000000009efff]
[    0.000000]   node   0: [mem 0x0000000000100000-0x000000007ffeffff]
[    0.000000] Reserved but unavailable: 104 pages
[    0.000000] Initmem setup node 0 [mem 0x0000000000001000-0x000000007ffeffff]
[    0.000000] ACPI: PM-Timer IO Port: 0x4008
[    0.000000] IOAPIC[0]: apic_id 2, version 32, address 0xfec00000, GSI 0-23
[    0.000000] ACPI: INT_SRC_OVR (bus 0 bus_irq 0 global_irq 2 dfl dfl)
[    0.000000] ACPI: INT_SRC_OVR (bus 0 bus_irq 9 global_irq 9 low level)
[    0.000000] Using ACPI (MADT) for SMP configuration information
[    0.000000] smpboot: Allowing 2 CPUs, 0 hotplug CPUs
[    0.000000] PM: Registered nosave memory: [mem 0x00000000-0x00000fff]
[    0.000000] PM: Registered nosave memory: [mem 0x0009f000-0x0009ffff]
[    0.000000] PM: Registered nosave memory: [mem 0x000a0000-0x000effff]
[    0.000000] PM: Registered nosave memory: [mem 0x000f0000-0x000fffff]
[    0.000000] e820: [mem 0x80000000-0xfebfffff] available for PCI devices
[    0.000000] Booting paravirtualized kernel on KVM
[    0.000000] clocksource: refined-jiffies: mask: 0xffffffff max_cycles: 0xffffffff, max_idle_ns: 7645519600211568 ns
[    0.000000] setup_percpu: NR_CPUS:8192 nr_cpumask_bits:2 nr_cpu_ids:2 nr_node_ids:1
[    0.000000] percpu: Embedded 50 pages/cpu s167936 r8192 d28672 u1048576
[    0.000000] PV qspinlock hash table entries: 256 (order: 0, 4096 bytes)
[    0.000000] Built 1 zonelists, mobility grouping on.  Total pages: 515961
[    0.000000] Policy zone: DMA32
[    0.000000] Kernel command line: BOOT_IMAGE=/boot/vmlinuz-4.15.0-200-generic root=LABEL=cloudimg-rootfs ro console=tty1 console=ttyS0
[    0.000000] Memory: 2014840K/2096696K available (12300K kernel code, 2477K rwdata, 4320K rodata, 2472K init, 2720K bss, 81856K reserved, 0K cma-reserved)
[    0.000000] SLUB: HWalign=64, Order=0-3, MinObjects=0, CPUs=2, Nodes=1
[    0.000000] ftrace: allocating 39478 entries in 155 pages
[    0.004000] Hierarchical RCU implementation.
[    0.004000] 	RCU restricting CPUs from NR_CPUS=8192 to nr_cpu_ids=2.
[    0.004000] 	Tasks RCU enabled.
[    0.004000] RCU: Adjusting geometry for rcu_fanout_leaf=16, nr_cpu_ids=2
[    0.004000] NR_IRQS: 524544, nr_irqs: 440, preallocated irqs: 16
[    0.004000] random: crng init done
[    0.004000] Console: colour VGA+ 80x25
[    0.004000] console [tty1] enabled
[    0.004000] console [ttyS0] enabled
[    0.004000] ACPI: Core revision 20170831
[    0.004000] ACPI: 2 ACPI AML tables successfully acquired and loaded
[    0.004000] APIC: Switch to symmetric I/O mode setup
[    0.004000] ..TIMER: vector=0x30 apic1=0 pin1=2 apic2=-1 pin2=-1
[    0.004003] tsc: Detected 3494.398 MHz processor
[    0.005515] Calibrating delay loop (skipped) preset value.. 6988.79 BogoMIPS (lpj=13977592)
[    0.008001] pid_max: default: 32768 minimum: 301
[    0.009564] Security Framework initialized
[    0.010945] Yama: becoming mindful.
[    0.012029] AppArmor: AppArmor initialized
[    0.017184] Dentry cache hash table entries: 262144 (order: 9, 2097152 bytes)
[    0.020000] Inode-cache hash table entries: 131072 (order: 8, 1048576 bytes)
[    0.020047] Mount-cache hash table entries: 4096 (order: 3, 32768 bytes)
[    0.024039] Mountpoint-cache hash table entries: 4096 (order: 3, 32768 bytes)
[    0.026902] Last level iTLB entries: 4KB 0, 2MB 0, 4MB 0
[    0.028002] Last level dTLB entries: 4KB 0, 2MB 0, 4MB 0, 1GB 0
[    0.029920] Spectre V1 : Mitigation: usercopy/swapgs barriers and __user pointer sanitization
[    0.032002] Spectre V2 : Mitigation: Enhanced IBRS
[    0.036001] Spectre V2 : Spectre v2 / SpectreRSB mitigation: Filling RSB on context switch
[    0.038711] Speculative Store Bypass: Vulnerable
[    0.040106] Freeing SMP alternatives memory: 36K
[    0.152380] smpboot: CPU0: 13th Gen Intel(R) Core(TM) i5-13600K (family: 0x6, model: 0xb7, stepping: 0x1)
[    0.156000] Performance Events: unsupported p6 CPU model 183 no PMU driver, software events only.
[    0.156045] Hierarchical SRCU implementation.
[    0.157667] NMI watchdog: Perf event create on CPU 0 failed with -2
[    0.160001] NMI watchdog: Perf NMI watchdog permanently disabled
[    0.164073] smp: Bringing up secondary CPUs ...
[    0.165809] x86: Booting SMP configuration:
[    0.167174] .... node  #0, CPUs:      #1
[    0.004000] kvm-clock: cpu 1, msr 0:7ff44041, secondary cpu clock
[    0.176000] TSC synchronization [CPU#0 -> CPU#1]:
[    0.176000] Measured 67424 cycles TSC warp between CPUs, turning off TSC clock.
[    0.176000] tsc: Marking TSC unstable due to check_tsc_sync_source failed
[    0.176047] smp: Brought up 1 node, 2 CPUs
[    0.180003] smpboot: Max logical packages: 1
[    0.181429] smpboot: Total of 2 processors activated (13977.59 BogoMIPS)
[    0.184199] devtmpfs: initialized
[    0.185380] x86/mm: Memory block size: 128MB
[    0.188207] evm: security.selinux
[    0.189302] evm: security.SMACK64
[    0.190444] evm: security.SMACK64EXEC
[    0.191606] evm: security.SMACK64TRANSMUTE
[    0.192001] evm: security.SMACK64MMAP
[    0.193198] evm: security.apparmor
[    0.194304] evm: security.ima
[    0.196001] evm: security.capability
[    0.197253] clocksource: jiffies: mask: 0xffffffff max_cycles: 0xffffffff, max_idle_ns: 7645041785100000 ns
[    0.200041] futex hash table entries: 512 (order: 3, 32768 bytes)
[    0.201986] pinctrl core: initialized pinctrl subsystem
[    0.204200] RTC time: 14:29:08, date: 07/06/23
[    0.206137] NET: Registered protocol family 16
[    0.208061] audit: initializing netlink subsys (disabled)
[    0.209774] audit: type=2000 audit(1688653753.161:1): state=initialized audit_enabled=0 res=1
[    0.212041] cpuidle: using governor ladder
[    0.216006] cpuidle: using governor menu
[    0.217254] ACPI: bus type PCI registered
[    0.218505] acpiphp: ACPI Hot Plug PCI Controller Driver version: 0.5
[    0.220185] PCI: Using configuration type 1 for base access
[    0.224893] HugeTLB registered 2.00 MiB page size, pre-allocated 0 pages
[    0.232090] ACPI: Added _OSI(Module Device)
[    0.233602] ACPI: Added _OSI(Processor Device)
[    0.236007] ACPI: Added _OSI(3.0 _SCP Extensions)
[    0.237451] ACPI: Added _OSI(Processor Aggregator Device)
[    0.239067] ACPI: Added _OSI(Linux-Dell-Video)
[    0.240001] ACPI: Added _OSI(Linux-Lenovo-NV-HDMI-Audio)
[    0.241661] ACPI: Added _OSI(Linux-HPI-Hybrid-Graphics)
[    0.244333] ACPI: Executed 1 blocks of module-level executable AML code
[    0.248241] ACPI: Interpreter enabled
[    0.249504] ACPI: (supports S0 S5)
[    0.250627] ACPI: Using IOAPIC for interrupt routing
[    0.252176] PCI: Using host bridge windows from ACPI; if necessary, use "pci=nocrs" and report a bug
[    0.255113] ACPI: Enabled 2 GPEs in block 00 to 07
[    0.260948] ACPI: PCI Root Bridge [PCI0] (domain 0000 [bus 00-ff])
[    0.262991] acpi PNP0A03:00: _OSC: OS supports [ASPM ClockPM Segments MSI]
[    0.264325] acpi PNP0A03:00: _OSC: not requesting OS control; OS requires [ExtendedConfig ASPM ClockPM MSI]
[    0.268006] acpi PNP0A03:00: fail to add MMCONFIG information, can't access extended PCI configuration space under this bridge.
[    0.272292] PCI host bridge to bus 0000:00
[    0.273582] pci_bus 0000:00: root bus resource [io  0x0000-0x0cf7 window]
[    0.276001] pci_bus 0000:00: root bus resource [io  0x0d00-0xffff window]
[    0.278129] pci_bus 0000:00: root bus resource [mem 0x000a0000-0x000bffff window]
[    0.280001] pci_bus 0000:00: root bus resource [mem 0x80000000-0xfdffffff window]
[    0.282327] pci_bus 0000:00: root bus resource [bus 00-ff]
[    0.286287] pci 0000:00:01.1: legacy IDE quirk: reg 0x10: [io  0x01f0-0x01f7]
[    0.288001] pci 0000:00:01.1: legacy IDE quirk: reg 0x14: [io  0x03f6]
[    0.289990] pci 0000:00:01.1: legacy IDE quirk: reg 0x18: [io  0x0170-0x0177]
[    0.292001] pci 0000:00:01.1: legacy IDE quirk: reg 0x1c: [io  0x0376]
[    0.303822] pci 0000:00:07.0: quirk: [io  0x4000-0x403f] claimed by PIIX4 ACPI
[    0.304014] pci 0000:00:07.0: quirk: [io  0x4100-0x410f] claimed by PIIX4 SMB
[    0.312701] ACPI: PCI Interrupt Link [LNKA] (IRQs 5 9 10 *11)
[    0.314651] ACPI: PCI Interrupt Link [LNKB] (IRQs 5 9 *10 11)
[    0.316075] ACPI: PCI Interrupt Link [LNKC] (IRQs 5 *9 10 11)
[    0.317915] ACPI: PCI Interrupt Link [LNKD] (IRQs 5 9 10 *11)
[    0.320287] SCSI subsystem initialized
[    0.321563] pci 0000:00:02.0: vgaarb: setting as boot VGA device
[    0.321824] pci 0000:00:02.0: vgaarb: VGA device added: decodes=io+mem,owns=io+mem,locks=none
[    0.324003] pci 0000:00:02.0: vgaarb: bridge control possible
[    0.328001] vgaarb: loaded
[    0.328915] ACPI: bus type USB registered
[    0.330364] usbcore: registered new interface driver usbfs
[    0.332000] usbcore: registered new interface driver hub
[    0.332004] usbcore: registered new device driver usb
[    0.333697] EDAC MC: Ver: 3.0.0
[    0.336323] PCI: Using ACPI for IRQ routing
[    0.337670] NetLabel: Initializing
[    0.340001] NetLabel:  domain hash size = 128
[    0.341350] NetLabel:  protocols = UNLABELED CIPSOv4 CALIPSO
[    0.343111] NetLabel:  unlabeled traffic allowed by default
[    0.344129] clocksource: Switched to clocksource kvm-clock
[    0.359119] VFS: Disk quotas dquot_6.6.0
[    0.359119] VFS: Dquot-cache hash table entries: 512 (order 0, 4096 bytes)
[    0.359119] AppArmor: AppArmor Filesystem Enabled
[    0.359119] pnp: PnP ACPI init
[    0.359119] pnp: PnP ACPI: found 3 devices
[    0.390778] clocksource: acpi_pm: mask: 0xffffff max_cycles: 0xffffff, max_idle_ns: 2085701024 ns
[    0.392178] NET: Registered protocol family 2
[    0.392178] IP idents hash table entries: 32768 (order: 6, 262144 bytes)
[    0.397294] TCP established hash table entries: 16384 (order: 5, 131072 bytes)
[    0.399791] TCP bind hash table entries: 16384 (order: 6, 262144 bytes)
[    0.402308] TCP: Hash tables configured (established 16384 bind 16384)
[    0.404436] UDP hash table entries: 1024 (order: 3, 32768 bytes)
[    0.406005] UDP-Lite hash table entries: 1024 (order: 3, 32768 bytes)
[    0.406005] NET: Registered protocol family 1
[    0.406005] pci 0000:00:00.0: Limiting direct PCI/PCI transfers
[    0.406005] pci 0000:00:01.0: Activating ISA DMA hang workarounds
[    0.406005] pci 0000:00:02.0: Video device with shadowed ROM at [mem 0x000c0000-0x000dffff]
[    0.406005] Unpacking initramfs...
[    0.646495] Freeing initrd memory: 19532K
[    0.647817] clocksource: tsc: mask: 0xffffffffffffffff max_cycles: 0x325ea4cf831, max_idle_ns: 440795248593 ns
[    0.650835] platform rtc_cmos: registered platform RTC device (no PNP device found)
[    0.653192] Scanning for low memory corruption every 60 seconds
[    0.656685] Initialise system trusted keyrings
[    0.658064] Key type blacklist registered
[    0.659611] workingset: timestamp_bits=36 max_order=19 bucket_order=0
[    0.662633] zbud: loaded
[    0.664236] squashfs: version 4.0 (2009/01/31) Phillip Lougher
[    0.666658] fuse init (API version 7.26)
[    0.678784] Key type asymmetric registered
[    0.680038] Asymmetric key parser 'x509' registered
[    0.681620] Block layer SCSI generic (bsg) driver version 0.4 loaded (major 246)
[    0.684200] io scheduler noop registered
[    0.685441] io scheduler deadline registered
[    0.686759] io scheduler cfq registered (default)
[    0.688587] ACPI: AC Adapter [AC] (on-line)
[    0.689932] input: Power Button as /devices/LNXSYSTM:00/LNXPWRBN:00/input/input0
[    0.692376] ACPI: Power Button [PWRF]
[    0.693609] input: Sleep Button as /devices/LNXSYSTM:00/LNXSLPBN:00/input/input1
[    0.695787] ACPI: Sleep Button [SLPF]
[    0.697449] Serial: 8250/16550 driver, 32 ports, IRQ sharing enabled
[    0.721782] 00:02: ttyS0 at I/O 0x3f8 (irq = 4, base_baud = 115200) is a 16550A
[    0.733274] Linux agpgart interface v0.103
[    0.737604] loop: module loaded
[    0.739635] scsi host0: ata_piix
[    0.741479] scsi host1: ata_piix
[    0.742609] ata1: PATA max UDMA/33 cmd 0x1f0 ctl 0x3f6 bmdma 0xd000 irq 14
[    0.744696] ata2: PATA max UDMA/33 cmd 0x170 ctl 0x376 bmdma 0xd008 irq 15
[    0.746797] tun: Universal TUN/TAP device driver, 1.6
[    0.749034] PPP generic driver version 2.4.2
[    0.750537] ehci_hcd: USB 2.0 'Enhanced' Host Controller (EHCI) Driver
[    0.752550] ehci-pci: EHCI PCI platform driver
[    0.753898] ehci-platform: EHCI generic platform driver
[    0.755472] ohci_hcd: USB 1.1 'Open' Host Controller (OHCI) Driver
[    0.757372] ohci-pci: OHCI PCI platform driver
[    0.758794] ohci-platform: OHCI generic platform driver
[    0.760554] uhci_hcd: USB Universal Host Controller Interface driver
[    0.762541] i8042: PNP: PS/2 Controller [PNP0303:PS2K,PNP0f03:PS2M] at 0x60,0x64 irq 1,12
[    0.766161] serio: i8042 KBD port at 0x60,0x64 irq 1
[    0.767663] serio: i8042 AUX port at 0x60,0x64 irq 12
[    0.769682] mousedev: PS/2 mouse device common for all mice
[    0.772967] rtc_cmos rtc_cmos: rtc core: registered rtc_cmos as rtc0
[    0.775103] rtc_cmos rtc_cmos: alarms up to one day, 114 bytes nvram
[    0.777148] i2c /dev entries driver
[    0.778310] input: AT Translated Set 2 keyboard as /devices/platform/i8042/serio0/input/input2
[    0.780924] device-mapper: uevent: version 1.0.3
[    0.782714] device-mapper: ioctl: 4.37.0-ioctl (2017-09-20) initialised: dm-devel@redhat.com
[    0.785701] ledtrig-cpu: registered to indicate activity on CPUs
[    0.789009] NET: Registered protocol family 10
[    0.793646] Segment Routing with IPv6
[    0.794952] NET: Registered protocol family 17
[    0.796719] Key type dns_resolver registered
[    0.798387] mce: Using 0 MCE banks
[    0.799629] RAS: Correctable Errors collector initialized.
[    0.801540] sched_clock: Marking stable (801521370, 0)->(1057079163, -255557793)
[    0.805287] registered taskstats version 1
[    0.806720] Loading compiled-in X.509 certificates
[    0.810152] Loaded X.509 cert 'Build time autogenerated kernel key: 29e5beaa583364da097e68c9386761f80dbce7ef'
[    0.813597] Loaded X.509 cert 'Canonical Ltd. Live Patch Signing: 14df34d1a87cf37625abec039ef2bf521249b969'
[    0.817268] Loaded X.509 cert 'Canonical Ltd. Kernel Module Signing: 88f752e560a1e0737e31163a466ad7b70a850c19'
[    0.820583] blacklist: Loading compiled-in revocation X.509 certificates
[    0.822777] Loaded X.509 cert 'Canonical Ltd. Secure Boot Signing: 61482aa2830d0ab2ad5af10b7250da9033ddcef0'
[    0.826110] zswap: loaded using pool lzo/zbud
[    0.830733] Key type big_key registered
[    0.832154] Key type trusted registered
[    0.834730] Key type encrypted registered
[    0.836174] AppArmor: AppArmor sha1 policy hashing enabled
[    0.838026] ima: No TPM chip found, activating TPM-bypass! (rc=-19)
[    0.840151] ima: Allocated hash algorithm: sha1
[    0.841720] evm: HMAC attrs: 0x1
[    0.843222]   Magic number: 15:865:484
[    0.844910] rtc_cmos rtc_cmos: setting system clock to 2023-07-06 14:29:09 UTC (1688653749)
[    0.847830] BIOS EDD facility v0.16 2004-Jun-25, 0 devices found
[    0.849984] EDD information not available.
[    0.938833] Freeing unused kernel image memory: 2472K
[    0.952676] Write protecting the kernel read-only data: 20480k
[    0.955329] Freeing unused kernel image memory: 2008K
[    0.957549] Freeing unused kernel image memory: 1824K
[    0.961827] x86/mm: Checked W+X mappings: passed, no W+X pages found.
Loading, please wait...
starting version 237
[    0.997412] e1000: Intel(R) PRO/1000 Network Driver - version 7.3.21-k8-NAPI
[    0.999747] e1000: Copyright (c) 1999-2006 Intel Corporation.
[    1.003820] Fusion MPT base driver 3.04.20
[    1.005192] Copyright (c) 1999-2008 LSI Corporation
[    1.015958] Fusion MPT SPI Host driver 3.04.20
[    1.019639] SSE version of gcm_enc/dec engaged.
[    1.224298] input: ImExPS/2 Generic Explorer Mouse as /devices/platform/i8042/serio1/input/input4
[    1.459680] e1000 0000:00:03.0 eth0: (PCI:33MHz:32-bit) 02:40:49:ac:f0:20
[    1.462159] e1000 0000:00:03.0 eth0: Intel(R) PRO/1000 Network Connection
[    1.889895] e1000 0000:00:08.0 eth1: (PCI:33MHz:32-bit) 08:00:27:83:dd:fd
[    1.892539] e1000 0000:00:08.0 eth1: Intel(R) PRO/1000 Network Connection
[    1.895838] e1000 0000:00:03.0 enp0s3: renamed from eth0
[    1.898735] mptbase: ioc0: Initiating bringup
[    1.912851] e1000 0000:00:08.0 enp0s8: renamed from eth1
[    2.022570] ioc0: LSI53C1030 A0: Capabilities={Initiator}
[    2.591764] scsi host2: ioc0: LSI53C1030 A0, FwRev=00000000h, Ports=1, MaxQ=256, IRQ=20
[    3.034176] scsi 2:0:0:0: Direct-Access     VBOX     HARDDISK         1.0  PQ: 0 ANSI: 5
[    3.068065] scsi target2:0:0: Beginning Domain Validation
[    3.074092] scsi target2:0:0: Domain Validation skipping write tests
[    3.076236] scsi target2:0:0: Ending Domain Validation
[    3.078179] scsi target2:0:0: asynchronous
[    3.080905] scsi 2:0:1:0: Direct-Access     VBOX     HARDDISK         1.0  PQ: 0 ANSI: 5
[    3.112242] scsi target2:0:1: Beginning Domain Validation
[    3.119061] scsi target2:0:1: Domain Validation skipping write tests
[    3.121200] scsi target2:0:1: Ending Domain Validation
[    3.123127] scsi target2:0:1: asynchronous
[    3.131329] sd 2:0:0:0: Attached scsi generic sg0 type 0
[    3.131727] sd 2:0:0:0: [sda] 83886080 512-byte logical blocks: (42.9 GB/40.0 GiB)
[    3.135942] sd 2:0:0:0: [sda] Write Protect is off
[    3.137833] sd 2:0:1:0: Attached scsi generic sg1 type 0
[    3.137828] sd 2:0:0:0: [sda] Incomplete mode parameter data
[    3.141546] sd 2:0:0:0: [sda] Assuming drive cache: write through
[    3.143910] sd 2:0:1:0: [sdb] 20480 512-byte logical blocks: (10.5 MB/10.0 MiB)
[    3.147282] sd 2:0:1:0: [sdb] Write Protect is off
[    3.149411] sd 2:0:1:0: [sdb] Incomplete mode parameter data
[    3.151541] sd 2:0:1:0: [sdb] Assuming drive cache: write through
[    3.155438]  sda: sda1
[    3.157525] sd 2:0:0:0: [sda] Attached SCSI disk
[    3.160795] sd 2:0:1:0: [sdb] Attached SCSI disk
Begin: Loading essential drivers ... [    4.776369] raid6: sse2x1   gen() 25656 MB/s
[    4.824051] raid6: sse2x1   xor() 16591 MB/s
[    4.872041] raid6: sse2x2   gen() 31875 MB/s
[    4.920925] raid6: sse2x2   xor() 19211 MB/s
[    4.968162] raid6: sse2x4   gen() 34250 MB/s
[    5.016093] raid6: sse2x4   xor() 16449 MB/s
[    5.017519] raid6: using algorithm sse2x4 gen() 34250 MB/s
[    5.019179] raid6: .... xor() 16449 MB/s, rmw enabled
[    5.020986] raid6: using ssse3x2 recovery algorithm
[    5.024212] xor: measuring software checksum speed
[    5.064536]    prefetch64-sse: 37146.000 MB/sec
[    5.104533]    generic_sse: 39736.000 MB/sec
[    5.105948] xor: using function: generic_sse (39736.000 MB/sec)
[    5.109416] async_tx: api initialized (async)
done.
Begin: Running /scripts/init-premount ... done.
Begin: Mounting root file system ... Begin: Running /scripts/local-top ... done.
Begin: Running /scripts/local-premount ... [    5.142403] Btrfs loaded, crc32c=crc32c-intel
Scanning for Btrfs filesystems
done.
Warning: fsck not present, so skipping root file system
[    5.171935] EXT4-fs (sda1): mounted filesystem with ordered data mode. Opts: (null)
done.
Begin: Running /scripts/local-bottom ... done.
Begin: Running /scripts/init-bottom ... done.
[    5.295284] ip_tables: (C) 2000-2006 Netfilter Core Team
[    5.302752] systemd[1]: systemd 237 running in system mode. (+PAM +AUDIT +SELINUX +IMA +APPARMOR +SMACK +SYSVINIT +UTMP +LIBCRYPTSETUP +GCRYPT +GNUTLS +ACL +XZ +LZ4 +SECCOMP +BLKID +ELFUTILS +KMOD -IDN2 +IDN -PCRE2 default-hierarchy=hybrid)
[    5.309536] systemd[1]: Detected virtualization oracle.
[    5.311371] systemd[1]: Detected architecture x86-64.

Welcome to [1mUbuntu 18.04.6 LTS[0m!

[    5.323797] systemd[1]: Set hostname to <ubuntu>.
[    5.328303] systemd[1]: Initializing machine ID from random generator.
[    5.330442] systemd[1]: Installed transient /etc/machine-id file.
[    5.471324] systemd[1]: Reached target User and Group Name Lookups.
[[0;32m  OK  [0m] Reached target User and Group Name Lookups.
[    5.474202] systemd[1]: Reached target System Time Synchronized.
[[0;32m  OK  [0m] Reached target System Time Synchronized.
[    5.476810] systemd[1]: Reached target Swap.
[[0;32m  OK  [0m] Reached target Swap.
[    5.478925] systemd[1]: Set up automount Arbitrary Executable File Formats File System Automount Point.
[[0;32m  OK  [0m] Set up automount Arbitrary Executab…rmats File System Automount Point.
[[0;32m  OK  [0m] Created slice User and Session Slice.
[[0;32m  OK  [0m] Created slice System Slice.
[[0;32m  OK  [0m] Listening on Journal Socket.
[[0;32m  OK  [0m] Reached target Slices.
         Starting Create list of required st…ce nodes for the current kernel...
         Mounting POSIX Message Queue File System...
[[0;32m  OK  [0m] Listening on /dev/initctl Compatibility Named Pipe.
[[0;32m  OK  [0m] Created slice system-serial\x2dgetty.slice.
[[0;32m  OK  [0m] Listening on fsck to fsckd communication Socket.
         Starting Set the console keyboard layout...
[[0;32m  OK  [0m] Listening on LVM2 metadata daemon socket.
[[0;32m  OK  [0m] Listening on Syslog Socket.
[[0;32m  OK  [0m] Listening on LVM2 poll daemon socket.
         Mounting Huge Pages File System...
         Starting Uncomplicated firewall...
         Starting File System Check on Root Device...
[[0;32m  OK  [0m] Listening on Journal Socket (/dev/log).
         Mounting Kernel Debug File System...
[[0;32m  OK  [0m] Started Forward Password Requests to Wall Directory Watch.
[[0;32m  OK  [0m] Listening on Network Service Netlink Socket.
[[0;32m  OK  [0m] Listening on Journal Audit Socket.
         Starting Journal Service...
         Starting Load Kernel Modules...
[[0;32m  OK  [0m] Listening on udev Control Socket.
[[0;32m  OK  [0m] Listening on Device-mapper event daemon FIFOs.
         Starting Monitoring of LVM2 mirrors…ng dmeventd or progress polling...
[[0;32m  OK  [0m] Listening on udev Kernel Socket.
         Starting udev Coldplug all Devices...
[[0;32m  OK  [0m] Started Create list of required sta…vice nodes for the current kernel.
[[0;32m  OK  [0m] Mounted POSIX Message Queue File System.
[[0;32m  OK  [0m] Mounted Huge Pages File System.
[[0;32m  OK  [0m] Started Uncomplicated firewall.
[[0;32m  OK  [0m] Mounted Kernel Debug File System.
[[0;32m  OK  [0m] Started File System Check Daemon to report status.
         Starting Create Static Device Nodes in /dev...
[[0;32m  OK  [0m] Started Journal Service.
[    5.558439] Loading iSCSI transport class v2.0-870.
[    5.562739] iscsi: registered transport (tcp)
[    5.572896] iscsi: registered transport (iser)
[[0;32m  OK  [0m] Started Load Kernel Modules.
         Mounting Kernel Configuration File System...
         Mounting FUSE Control File System...
         Starting Apply Kernel Variables...
[[0;32m  OK  [0m] Mounted Kernel Configuration File System.
[[0;32m  OK  [0m] Mounted FUSE Control File System.
[[0;32m  OK  [0m] Started LVM2 metadata daemon.
[[0;32m  OK  [0m] Started udev Coldplug all Devices.
[[0;32m  OK  [0m] Started Create Static Device Nodes in /dev.
[[0;32m  OK  [0m] Started File System Check on Root Device.
         Starting Remount Root and Kernel File Systems...
[[0;32m  OK  [0m] Started Apply Kernel Variables.
[[0;32m  OK  [0m] Started Remount Root and Kernel File Systems.
         Starting udev Kernel Device Manager...
         Starting Load/Save Random Seed...
         Starting Flush Journal to Persistent Storage...
[[0;32m  OK  [0m] Started Monitoring of LVM2 mirrors,…sing dmeventd or progress polling.
[[0;32m  OK  [0m] Started udev Kernel Device Manager.
[[0;32m  OK  [0m] Started Load/Save Random Seed.
[[0;32m  OK  [0m] Started Flush Journal to Persistent Storage.
[[0;32m  OK  [0m] Found device /dev/ttyS0.
[[0;32m  OK  [0m] Listening on Load/Save RF Kill Switch Status /dev/rfkill Watch.
[[0;32m  OK  [0m] Started Set the console keyboard layout.
[[0;32m  OK  [0m] Reached target Local File Systems (Pre).
[[0;32m  OK  [0m] Reached target Local File Systems.
         Starting Tell Plymouth To Write Out Runtime Data...
         Starting ebtables ruleset management...
         Starting Commit a transient machine-id on disk...
         Starting AppArmor initialization...
         Starting Create Volatile Files and Directories...
         Starting Set console font and keymap...
[[0;32m  OK  [0m] Started Dispatch Password Requests to Console Directory Watch.
[[0;32m  OK  [0m] Reached target Local Encrypted Volumes.
[[0;32m  OK  [0m] Started Tell Plymouth To Write Out Runtime Data.
[[0;32m  OK  [0m] Started Create Volatile Files and Directories.
         Starting Update UTMP about System Boot/Shutdown...
[[0;32m  OK  [0m] Started Update UTMP about System Boot/Shutdown.
         Mounting Arbitrary Executable File Formats File System...
[[0;32m  OK  [0m] Started Commit a transient machine-id on disk.
[[0;32m  OK  [0m] Mounted Arbitrary Executable File Formats File System.
[[0;32m  OK  [0m] Started ebtables ruleset management.
[[0;32m  OK  [0m] Started AppArmor initialization.
         Starting Initial cloud-init job (pre-networking)...
         Starting Load AppArmor profiles managed internally by snapd...
[[0;32m  OK  [0m] Started Load AppArmor profiles managed internally by snapd.
[[0;32m  OK  [0m] Started Set console font and keymap.
[    7.407287] cloud-init[751]: Cloud-init v. 22.4.2-0ubuntu0~18.04.1 running 'init-local' at Thu, 06 Jul 2023 14:29:15 +0000. Up 7.23 seconds.
[[0;32m  OK  [0m] Started Initial cloud-init job (pre-networking).
[[0;32m  OK  [0m] Reached target Network (Pre).
         Starting Network Service...
[[0;32m  OK  [0m] Started Network Service.
         Starting Wait for Network to be Configured...
         Starting Network Name Resolution...
[[0;32m  OK  [0m] Started Network Name Resolution.
[[0;32m  OK  [0m] Reached target Network.
[[0;32m  OK  [0m] Reached target Host and Network Name Lookups.
[[0;32m  OK  [0m] Started Wait for Network to be Configured.
         Starting Initial cloud-init job (metadata service crawler)...
[    9.104334] cloud-init[905]: Cloud-init v. 22.4.2-0ubuntu0~18.04.1 running 'init' at Thu, 06 Jul 2023 14:29:17 +0000. Up 9.03 seconds.
[    9.106027] cloud-init[905]: ci-info: ++++++++++++++++++++++++++++++++++++++Net device info+++++++++++++++++++++++++++++++++++++++
[    9.107470] cloud-init[905]: ci-info: +--------+-------+----------------------------+---------------+--------+-------------------+
[    9.109129] cloud-init[905]: ci-info: | Device |   Up  |          Address           |      Mask     | Scope  |     Hw-Address    |
[    9.110462] cloud-init[905]: ci-info: +--------+-------+----------------------------+---------------+--------+-------------------+
[    9.112089] cloud-init[905]: ci-info: | enp0s3 |  True |         10.0.2.15          | 255.255.255.0 | global | 02:40:49:ac:f0:20 |
[    9.113726] cloud-init[905]: ci-info: | enp0s3 |  True | fe80::40:49ff:feac:f020/64 |       .       |  link  | 02:40:49:ac:f0:20 |
[    9.115101] cloud-init[905]: ci-info: | enp0s8 | False |             .              |       .       |   .    | 08:00:27:83:dd:fd |
[    9.116725] cloud-init[905]: ci-info: |   lo   |  True |         127.0.0.1          |   255.0.0.0   |  host  |         .         |
[    9.118097] cloud-init[905]: ci-info: |   lo   |  True |          ::1/128           |       .       |  host  |         .         |
[    9.119491] cloud-init[905]: ci-info: +--------+-------+----------------------------+---------------+--------+-------------------+
[    9.120958] cloud-init[905]: ci-info: ++++++++++++++++++++++++++++Route IPv4 info+++++++++++++++++++++++++++++
[    9.122094] cloud-init[905]: ci-info: +-------+-------------+----------+-----------------+-----------+-------+
[    9.123248] cloud-init[905]: ci-info: | Route | Destination | Gateway  |     Genmask     | Interface | Flags |
[    9.124412] cloud-init[905]: ci-info: +-------+-------------+----------+-----------------+-----------+-------+
[    9.125507] cloud-init[905]: ci-info: |   0   |   0.0.0.0   | 10.0.2.2 |     0.0.0.0     |   enp0s3  |   UG  |
[    9.126810] cloud-init[905]: ci-info: |   1   |   10.0.2.0  | 0.0.0.0  |  255.255.255.0  |   enp0s3  |   U   |
[    9.128052] cloud-init[905]: ci-info: |   2   |   10.0.2.2  | 0.0.0.0  | 255.255.255.255 |   enp0s3  |   UH  |
[    9.129251] cloud-init[905]: ci-info: +-------+-------------+----------+-----------------+-----------+-------+
[    9.130656] cloud-init[905]: ci-info: +++++++++++++++++++Route IPv6 info+++++++++++++++++++
[    9.131636] cloud-init[905]: ci-info: +-------+-------------+---------+-----------+-------+
[    9.132600] cloud-init[905]: ci-info: | Route | Destination | Gateway | Interface | Flags |
[    9.133576] cloud-init[905]: ci-info: +-------+-------------+---------+-----------+-------+
[    9.134584] cloud-init[905]: ci-info: |   1   |  fe80::/64  |    ::   |   enp0s3  |   U   |
[    9.135770] cloud-init[905]: ci-info: |   3   |    local    |    ::   |   enp0s3  |   U   |
[    9.136760] cloud-init[905]: ci-info: |   4   |   ff00::/8  |    ::   |   enp0s3  |   U   |
[    9.137715] cloud-init[905]: ci-info: +-------+-------------+---------+-----------+-------+
[    9.801627] cloud-init[905]: Generating public/private rsa key pair.
[    9.802557] cloud-init[905]: Your identification has been saved in /etc/ssh/ssh_host_rsa_key.
[    9.804125] cloud-init[905]: Your public key has been saved in /etc/ssh/ssh_host_rsa_key.pub.
[    9.805234] cloud-init[905]: The key fingerprint is:
[    9.805910] cloud-init[905]: SHA256:jwLWRLAYtr4lOF2EulQ8NFo06Bed66jsB8cHyi35sV4 root@ubuntu-bionic
[    9.807095] cloud-init[905]: The key's randomart image is:
[    9.808034] cloud-init[905]: +---[RSA 2048]----+
[    9.809325] cloud-init[905]: |  BB+.o          |
[    9.809974] cloud-init[905]: | o+Xo=           |
[    9.810627] cloud-init[905]: |.o+ = o          |
[    9.811265] cloud-init[905]: |.* + +           |
[    9.812207] cloud-init[905]: |=.X B . S        |
[    9.812862] cloud-init[905]: |.B @ +   o       |
[    9.813500] cloud-init[905]: |. B +E. . .      |
[    9.814144] cloud-init[905]: | o +.  .         |
[    9.814788] cloud-init[905]: |..o.             |
[    9.815431] cloud-init[905]: +----[SHA256]-----+
[    9.816282] cloud-init[905]: Generating public/private dsa key pair.
[    9.817146] cloud-init[905]: Your identification has been saved in /etc/ssh/ssh_host_dsa_key.
[    9.818199] cloud-init[905]: Your public key has been saved in /etc/ssh/ssh_host_dsa_key.pub.
[    9.819204] cloud-init[905]: The key fingerprint is:
[    9.819810] cloud-init[905]: SHA256:gbgR0E+ZWjgR7mwOjMxKnHdB/yIfMe7UiBtuMo4Gyw0 root@ubuntu-bionic
[    9.820814] cloud-init[905]: The key's randomart image is:
[    9.821437] cloud-init[905]: +---[DSA 1024]----+
[    9.821971] cloud-init[905]: |  .o+= o         |
[    9.822506] cloud-init[905]: |   .=o*.         |
[    9.823050] cloud-init[905]: |    +B.+.        |
[    9.823587] cloud-init[905]: |+o.o.o= *.       |
[    9.824146] cloud-init[905]: |.*o.== *So       |
[    9.824736] cloud-init[905]: |+E.+o B o        |
[    9.825348] cloud-init[905]: |+.oo.+ o         |
[    9.825885] cloud-init[905]: |.oo.+            |
[    9.826420] cloud-init[905]: |.. .             |
[    9.826961] cloud-init[905]: +----[SHA256]-----+
[    9.827559] cloud-init[905]: Generating public/private ecdsa key pair.
[    9.828344] cloud-init[905]: Your identification has been saved in /etc/ssh/ssh_host_ecdsa_key.
[    9.829368] cloud-init[905]: Your public key has been saved in /etc/ssh/ssh_host_ecdsa_key.pub.
[    9.830388] cloud-init[905]: The key fingerprint is:
[    9.830990] cloud-init[905]: SHA256:Vy5TjgndLUjIlIpDnBmQQGgIxvvT96oaepumLnL83eY root@ubuntu-bionic
[    9.831986] cloud-init[905]: The key's randomart image is:
[    9.832770] cloud-init[905]: +---[ECDSA 256]---+
[    9.833309] cloud-init[905]: |O+.+.+ o.o.      |
[    9.833850] cloud-init[905]: |+o. =   +o o .   |
[    9.834463] cloud-init[905]: |. .. . .. o = .  |
[    9.835032] cloud-init[905]: | .  o .  . B .   |
[    9.835577] cloud-init[905]: |  . ..  S * o    |
[    9.836132] cloud-init[905]: |   o . . . o     |
[    9.836710] cloud-init[905]: | . .. . .        |
[    9.837245] cloud-init[905]: |o +oo. ...       |
[    9.837789] cloud-init[905]: |+=+=+.o+E        |
[    9.838325] cloud-init[905]: +----[SHA256]-----+
[    9.838854] cloud-init[905]: Generating public/private ed25519 key pair.
[    9.839606] cloud-init[905]: Your identification has been saved in /etc/ssh/ssh_host_ed25519_key.
[    9.840634] cloud-init[905]: Your public key has been saved in /etc/ssh/ssh_host_ed25519_key.pub.
[    9.841652] cloud-init[905]: The key fingerprint is:
[    9.842307] cloud-init[905]: SHA256:I8tpH+1gkDAnziKvg5Oc+zTDtPt4ADEFhVWhHRsUbCw root@ubuntu-bionic
[    9.843342] cloud-init[905]: The key's randomart image is:
[    9.843986] cloud-init[905]: +--[ED25519 256]--+
[    9.844531] cloud-init[905]: | .*+=Bo          |
[    9.845117] cloud-init[905]: | + Eo++          |
[    9.845659] cloud-init[905]: |  o.*o.          |
[    9.846191] cloud-init[905]: | . o = .         |
[    9.846725] cloud-init[905]: |. o.o + S        |
[    9.847276] cloud-init[905]: | ooo.. = o       |
[    9.847859] cloud-init[905]: |o.o*. = + .      |
[    9.848430] cloud-init[905]: |=+. =o o +       |
[    9.849025] cloud-init[905]: |.+o+o.  . .      |
[    9.849636] cloud-init[905]: +----[SHA256]-----+
[[0;32m  OK  [0m] Started Initial cloud-init job (metadata service crawler).
[[0;32m  OK  [0m] Reached target Network is Online.
[[0;32m  OK  [0m] Reached target Remote File Systems (Pre).
[[0;32m  OK  [0m] Reached target Remote File Systems.
         Starting Availability of block devices...
[[0;32m  OK  [0m] Reached target System Initialization.
[[0;32m  OK  [0m] Listening on UUID daemon activation socket.
[[0;32m  OK  [0m] Started Message of the Day.
[[0;32m  OK  [0m] Started Ubuntu Advantage Timer for running repeated jobs.
[[0;32m  OK  [0m] Listening on Open-iSCSI iscsid Socket.
         Starting Socket activation for snappy daemon.
[[0;32m  OK  [0m] Started Daily Cleanup of Temporary Directories.
[[0;32m  OK  [0m] Listening on D-Bus System Message Bus Socket.
[[0;32m  OK  [0m] Listening on ACPID Listen Socket.
         Starting LXD - unix socket.
[[0;32m  OK  [0m] Started Daily apt download activities.
[[0;32m  OK  [0m] Started Daily apt upgrade and clean activities.
[[0;32m  OK  [0m] Started ACPI Events Check.
[[0;32m  OK  [0m] Reached target Paths.
[[0;32m  OK  [0m] Listening on cloud-init hotplug hook socket.
[[0;32m  OK  [0m] Started Discard unused blocks once a week.
[[0;32m  OK  [0m] Reached target Timers.
[[0;32m  OK  [0m] Reached target Cloud-config availability.
[[0;32m  OK  [0m] Started Availability of block devices.
[[0;32m  OK  [0m] Listening on Socket activation for snappy daemon.
[[0;32m  OK  [0m] Listening on LXD - unix socket.
[[0;32m  OK  [0m] Reached target Sockets.
[[0;32m  OK  [0m] Reached target Basic System.
         Starting LSB: Record successful boot for GRUB...
[[0;32m  OK  [0m] Started Deferred execution scheduler.
[[0;32m  OK  [0m] Started FUSE filesystem for LXC.
         Starting System Logging Service...
         Starting LXD - container startup/shutdown...
         Starting Login Service...
         Starting Pollinate to seed the pseudo random number generator...
         Starting LSB: automatic crash report generation...
[[0;32m  OK  [0m] Reached target Login Prompts (Pre).
[[0;32m  OK  [0m] Started irqbalance daemon.
[[0;32m  OK  [0m] Started Regular background program processing daemon.
         Starting Dispatcher daemon for systemd-networkd...
         Starting Permit User Sessions...
         Starting Virtualbox guest utils...
         Starting Accounts Service...
[[0;32m  OK  [0m] Started D-Bus System Message Bus.
         Starting Snap Daemon...
[[0;32m  OK  [0m] Started System Logging Service.
[[0;32m  OK  [0m] Started LXD - container startup/shutdown.
[[0;32m  OK  [0m] Started Permit User Sessions.
[[0;32m  OK  [0m] Started Login Service.
[[0;32m  OK  [0m] Started Unattended Upgrades Shutdown.
         Starting Terminate Plymouth Boot Screen...
         Starting Hold until boot process finishes up...
[[0;32m  OK  [0m] Started Hold until boot process finishes up.
         Starting Set console scheme...
[[0;32m  OK  [0m] Started Serial Getty on ttyS0.
[[0;32m  OK  [0m] Started LSB: automatic crash report generation.
[[0;32m  OK  [0m] Started Terminate Plymouth Boot Screen.
[[0;32m  OK  [0m] Started Set console scheme.
[[0;32m  OK  [0m] Created slice system-getty.slice.
[[0;32m  OK  [0m] Started Getty on tty1.
[[0;32m  OK  [0m] Reached target Login Prompts.
         Starting Authorization Manager...
[[0;32m  OK  [0m] Started Dispatcher daemon for systemd-networkd.
[[0;32m  OK  [0m] Started LSB: Record successful boot for GRUB.
[[0;32m  OK  [0m] Started Authorization Manager.
[[0;32m  OK  [0m] Started Accounts Service.
[[0;32m  OK  [0m] Started Virtualbox guest utils.
[[0;32m  OK  [0m] Started Snap Daemon.
         Starting Wait until snapd is fully seeded...
         Starting Time & Date Service...
[[0;32m  OK  [0m] Started Time & Date Service.
[[0;32m  OK  [0m] Started Pollinate to seed the pseudo random number generator.
         Starting OpenBSD Secure Shell server...
[[0;32m  OK  [0m] Started OpenBSD Secure Shell server.
[[0;32m  OK  [0m] Created slice User Slice of vagrant.
         Starting User Manager for UID 1000...
[[0;32m  OK  [0m] Started Session 1 of user vagrant.
[[0;32m  OK  [0m] Started User Manager for UID 1000.
[[0;32m  OK  [0m] Started Wait until snapd is fully seeded.
         Starting Apply the settings specified in cloud-config...
[   13.134948] cloud-init[1528]: Cloud-init v. 22.4.2-0ubuntu0~18.04.1 running 'modules:config' at Thu, 06 Jul 2023 14:29:21 +0000. Up 12.49 seconds.
[[0;32m  OK  [0m] Started Apply the settings specified in cloud-config.
[[0;32m  OK  [0m] Reached target Multi-User System.
         Starting Execute cloud user/final scripts...
[[0;32m  OK  [0m] Reached target Graphical Interface.
         Starting Update UTMP about System Runlevel Changes...
[[0;32m  OK  [0m] Started Update UTMP about System Runlevel Changes.
ci-info: no authorized SSH keys fingerprints found for user ubuntu.
<14>Jul  6 14:29:22 cloud-init: #############################################################
<14>Jul  6 14:29:22 cloud-init: -----BEGIN SSH HOST KEY FINGERPRINTS-----
<14>Jul  6 14:29:22 cloud-init: 1024 SHA256:gbgR0E+ZWjgR7mwOjMxKnHdB/yIfMe7UiBtuMo4Gyw0 root@ubuntu-bionic (DSA)
<14>Jul  6 14:29:22 cloud-init: 256 SHA256:Vy5TjgndLUjIlIpDnBmQQGgIxvvT96oaepumLnL83eY root@ubuntu-bionic (ECDSA)
<14>Jul  6 14:29:22 cloud-init: 256 SHA256:I8tpH+1gkDAnziKvg5Oc+zTDtPt4ADEFhVWhHRsUbCw root@ubuntu-bionic (ED25519)
<14>Jul  6 14:29:22 cloud-init: 2048 SHA256:jwLWRLAYtr4lOF2EulQ8NFo06Bed66jsB8cHyi35sV4 root@ubuntu-bionic (RSA)
<14>Jul  6 14:29:22 cloud-init: -----END SSH HOST KEY FINGERPRINTS-----
<14>Jul  6 14:29:22 cloud-init: #############################################################
-----BEGIN SSH HOST KEY KEYS-----
ecdsa-sha2-nistp256 AAAAE2VjZHNhLXNoYTItbmlzdHAyNTYAAAAIbmlzdHAyNTYAAABBBEISM/Si236Gu+1ZCbD4cv2DAX1tvBBogykO+/jc0IRYcaJVf284MY+bWah4aSvanILMesZqq1g7StEpWjEyUDE= root@ubuntu-bionic
ssh-ed25519 AAAAC3NzaC1lZDI1NTE5AAAAIMw61dJCfjB7IGwhRsghNxV7J89b3MGhfw7Fm8uCLQlD root@ubuntu-bionic
ssh-rsa AAAAB3NzaC1yc2EAAAADAQABAAABAQDLuk0RjI/9AxZB4/Qeqpd0/osAgk+KNBel9dRB9b7FYXFr7/aQwhsp3S4co9FvGbsCtNyZCOqDG4dUKufwLj9R0FXef9ZWCreO25w1ROtqP+09Pbd9dBoMJ3ZMTw/1gS/oYCPh/Yv6S3CqdIMaERgi+ysahNYllHC4yZvtSRH7jqUURpNTdfm4lTLd1sC8MnyYtq1X20Eu4gy3G5Uea+VIVxMh3ZP/cd1tSnB9KEfxuEzdJKBUYOcaEOJ+PFYD8EGgCKjH1K1BPinGT3EUbdPPvWckqBehgukKue5eikU9K5IOZjyg8DiJkUFZ31vvEKv5SIrToqu5KpCovny90p6x root@ubuntu-bionic
-----END SSH HOST KEY KEYS-----
[   13.573521] cloud-init[1617]: Cloud-init v. 22.4.2-0ubuntu0~18.04.1 running 'modules:final' at Thu, 06 Jul 2023 14:29:22 +0000. Up 13.45 seconds.
[   13.575061] cloud-init[1617]: Cloud-init v. 22.4.2-0ubuntu0~18.04.1 finished at Thu, 06 Jul 2023 14:29:22 +0000. Datasource DataSourceNoCloud [seed=/dev/sdb][dsmode=net].  Up 13.56 seconds
[[0;32m  OK  [0m] Started Execute cloud user/final scripts.
[[0;32m  OK  [0m] Reached target Cloud-init target.

Ubuntu 18.04.6 LTS ubuntu-bionic ttyS0

ubuntu-bionic login: 